Compiling the C compiler identification source file "CMakeCCompilerId.c" failed.
Compiler: C:/Program Files/Microsoft Visual Studio/2022/Preview/VC/Tools/MSVC/14.29.30130/bin/Hostx64/x64/cl.exe 
Build flags: 
Id flags:  

The output was:
2
Microsoft (R) C/C++ Optimizing Compiler Version 19.29.30130.2 for x64
Copyright (C) Microsoft Corporation.  All rights reserved.

CMakeCCompilerId.c
Microsoft (R) Incremental Linker Version 14.29.30130.2
Copyright (C) Microsoft Corporation.  All rights reserved.

/out:CMakeCCompilerId.exe 
CMakeCCompilerId.obj 
LINK : fatal error LNK1104: cannot open file 'kernel32.lib'


Compiling the CXX compiler identification source file "CMakeCXXCompilerId.cpp" failed.
Compiler: C:/Program Files/Microsoft Visual Studio/2022/Preview/VC/Tools/MSVC/14.29.30130/bin/Hostx64/x64/cl.exe 
Build flags: 
Id flags:  

The output was:
2
Microsoft (R) C/C++ Optimizing Compiler Version 19.29.30130.2 for x64
Copyright (C) Microsoft Corporation.  All rights reserved.

CMakeCXXCompilerId.cpp
Microsoft (R) Incremental Linker Version 14.29.30130.2
Copyright (C) Microsoft Corporation.  All rights reserved.

/out:CMakeCXXCompilerId.exe 
CMakeCXXCompilerId.obj 
LINK : fatal error LNK1104: cannot open file 'kernel32.lib'


Detecting C compiler ABI info failed to compile with the following output:
Change Dir: C:/Users/DALTON AREVALO/Desktop/u/Estructura de Datos/Trabajo_Individual/Dalton-Arevalo-Estructura-de-datos-NRC-3685/Extras/Extra_22_Funciones_Lambda/out/build/x64-Debug/CMakeFiles/CMakeTmp

Run Build Command(s):C:/Program Files/Microsoft Visual Studio/2022/Preview/Common7/IDE/CommonExtensions/Microsoft/CMake/Ninja/ninja.exe cmTC_5fffa && [1/2] Building C object CMakeFiles\cmTC_5fffa.dir\CMakeCCompilerABI.c.obj
[2/2] Linking C executable cmTC_5fffa.exe
FAILED: cmTC_5fffa.exe 
cmd.exe /C "cd . && "C:\Program Files\Microsoft Visual Studio\2022\Preview\Common7\IDE\CommonExtensions\Microsoft\CMake\CMake\bin\cmake.exe" -E vs_link_exe --intdir=CMakeFiles\cmTC_5fffa.dir --rc=rc --mt=CMAKE_MT-NOTFOUND --manifests  -- C:\PROGRA~1\MIB055~1\2022\Preview\VC\Tools\MSVC\1429~1.301\bin\Hostx64\x64\link.exe /nologo CMakeFiles\cmTC_5fffa.dir\CMakeCCompilerABI.c.obj  /out:cmTC_5fffa.exe /implib:cmTC_5fffa.lib /pdb:cmTC_5fffa.pdb /version:0.0 /machine:x64  /debug /INCREMENTAL /subsystem:console  kernel32.lib user32.lib gdi32.lib winspool.lib shell32.lib ole32.lib oleaut32.lib uuid.lib comdlg32.lib advapi32.lib && cd ."
RC Pass 1: command "rc /fo CMakeFiles\cmTC_5fffa.dir/manifest.res CMakeFiles\cmTC_5fffa.dir/manifest.rc" failed (exit code 0) with the following output:
El sistema no puede encontrar el archivo especificado
ninja: build stopped: subcommand failed.




Determining if the C compiler works failed with the following output:
Change Dir: C:/Users/DALTON AREVALO/Desktop/u/Estructura de Datos/Trabajo_Individual/Dalton-Arevalo-Estructura-de-datos-NRC-3685/Extras/Extra_22_Funciones_Lambda/out/build/x64-Debug/CMakeFiles/CMakeTmp

Run Build Command(s):C:/Program Files/Microsoft Visual Studio/2022/Preview/Common7/IDE/CommonExtensions/Microsoft/CMake/Ninja/ninja.exe cmTC_9fa4e && [1/2] Building C object CMakeFiles\cmTC_9fa4e.dir\testCCompiler.c.obj
[2/2] Linking C executable cmTC_9fa4e.exe
FAILED: cmTC_9fa4e.exe 
cmd.exe /C "cd . && "C:\Program Files\Microsoft Visual Studio\2022\Preview\Common7\IDE\CommonExtensions\Microsoft\CMake\CMake\bin\cmake.exe" -E vs_link_exe --intdir=CMakeFiles\cmTC_9fa4e.dir --rc=rc --mt=CMAKE_MT-NOTFOUND --manifests  -- C:\PROGRA~1\MIB055~1\2022\Preview\VC\Tools\MSVC\1429~1.301\bin\Hostx64\x64\link.exe /nologo CMakeFiles\cmTC_9fa4e.dir\testCCompiler.c.obj  /out:cmTC_9fa4e.exe /implib:cmTC_9fa4e.lib /pdb:cmTC_9fa4e.pdb /version:0.0 /machine:x64  /debug /INCREMENTAL /subsystem:console  kernel32.lib user32.lib gdi32.lib winspool.lib shell32.lib ole32.lib oleaut32.lib uuid.lib comdlg32.lib advapi32.lib && cd ."
RC Pass 1: command "rc /fo CMakeFiles\cmTC_9fa4e.dir/manifest.res CMakeFiles\cmTC_9fa4e.dir/manifest.rc" failed (exit code 0) with the following output:
El sistema no puede encontrar el archivo especificado
ninja: build stopped: subcommand failed.



Compiling the C compiler identification source file "CMakeCCompilerId.c" failed.
Compiler: C:/Program Files/Microsoft Visual Studio/2022/Preview/VC/Tools/MSVC/14.29.30130/bin/Hostx64/x64/cl.exe 
Build flags: /DWIN32;/D_WINDOWS;/W3
Id flags:  

The output was:
2
Microsoft (R) C/C++ Optimizing Compiler Version 19.29.30130.2 for x64
Copyright (C) Microsoft Corporation.  All rights reserved.

CMakeCCompilerId.c
Microsoft (R) Incremental Linker Version 14.29.30130.2
Copyright (C) Microsoft Corporation.  All rights reserved.

/out:CMakeCCompilerId.exe 
CMakeCCompilerId.obj 
LINK : fatal error LNK1104: cannot open file 'kernel32.lib'


Compiling the CXX compiler identification source file "CMakeCXXCompilerId.cpp" failed.
Compiler: C:/Program Files/Microsoft Visual Studio/2022/Preview/VC/Tools/MSVC/14.29.30130/bin/Hostx64/x64/cl.exe 
Build flags: 
Id flags:  

The output was:
2
Microsoft (R) C/C++ Optimizing Compiler Version 19.29.30130.2 for x64
Copyright (C) Microsoft Corporation.  All rights reserved.

CMakeCXXCompilerId.cpp
Microsoft (R) Incremental Linker Version 14.29.30130.2
Copyright (C) Microsoft Corporation.  All rights reserved.

/out:CMakeCXXCompilerId.exe 
CMakeCXXCompilerId.obj 
LINK : fatal error LNK1104: cannot open file 'kernel32.lib'


Detecting C compiler ABI info failed to compile with the following output:
Change Dir: C:/Users/DALTON AREVALO/Desktop/u/Estructura de Datos/Trabajo_Individual/Dalton-Arevalo-Estructura-de-datos-NRC-3685/Extras/Extra_22_Funciones_Lambda/out/build/x64-Debug/CMakeFiles/CMakeTmp

Run Build Command(s):C:/Program Files/Microsoft Visual Studio/2022/Preview/Common7/IDE/CommonExtensions/Microsoft/CMake/Ninja/ninja.exe cmTC_d4ad3 && [1/2] Building C object CMakeFiles\cmTC_d4ad3.dir\CMakeCCompilerABI.c.obj
[2/2] Linking C executable cmTC_d4ad3.exe
FAILED: cmTC_d4ad3.exe 
cmd.exe /C "cd . && "C:\Program Files\Microsoft Visual Studio\2022\Preview\Common7\IDE\CommonExtensions\Microsoft\CMake\CMake\bin\cmake.exe" -E vs_link_exe --intdir=CMakeFiles\cmTC_d4ad3.dir --rc=rc --mt=CMAKE_MT-NOTFOUND --manifests  -- C:\PROGRA~1\MIB055~1\2022\Preview\VC\Tools\MSVC\1429~1.301\bin\Hostx64\x64\link.exe /nologo CMakeFiles\cmTC_d4ad3.dir\CMakeCCompilerABI.c.obj  /out:cmTC_d4ad3.exe /implib:cmTC_d4ad3.lib /pdb:cmTC_d4ad3.pdb /version:0.0 /machine:x64  /debug /INCREMENTAL /subsystem:console  kernel32.lib user32.lib gdi32.lib winspool.lib shell32.lib ole32.lib oleaut32.lib uuid.lib comdlg32.lib advapi32.lib && cd ."
RC Pass 1: command "rc /fo CMakeFiles\cmTC_d4ad3.dir/manifest.res CMakeFiles\cmTC_d4ad3.dir/manifest.rc" failed (exit code 0) with the following output:
El sistema no puede encontrar el archivo especificado
ninja: build stopped: subcommand failed.




Determining if the C compiler works failed with the following output:
Change Dir: C:/Users/DALTON AREVALO/Desktop/u/Estructura de Datos/Trabajo_Individual/Dalton-Arevalo-Estructura-de-datos-NRC-3685/Extras/Extra_22_Funciones_Lambda/out/build/x64-Debug/CMakeFiles/CMakeTmp

Run Build Command(s):C:/Program Files/Microsoft Visual Studio/2022/Preview/Common7/IDE/CommonExtensions/Microsoft/CMake/Ninja/ninja.exe cmTC_145f0 && [1/2] Building C object CMakeFiles\cmTC_145f0.dir\testCCompiler.c.obj
[2/2] Linking C executable cmTC_145f0.exe
FAILED: cmTC_145f0.exe 
cmd.exe /C "cd . && "C:\Program Files\Microsoft Visual Studio\2022\Preview\Common7\IDE\CommonExtensions\Microsoft\CMake\CMake\bin\cmake.exe" -E vs_link_exe --intdir=CMakeFiles\cmTC_145f0.dir --rc=rc --mt=CMAKE_MT-NOTFOUND --manifests  -- C:\PROGRA~1\MIB055~1\2022\Preview\VC\Tools\MSVC\1429~1.301\bin\Hostx64\x64\link.exe /nologo CMakeFiles\cmTC_145f0.dir\testCCompiler.c.obj  /out:cmTC_145f0.exe /implib:cmTC_145f0.lib /pdb:cmTC_145f0.pdb /version:0.0 /machine:x64  /debug /INCREMENTAL /subsystem:console  kernel32.lib user32.lib gdi32.lib winspool.lib shell32.lib ole32.lib oleaut32.lib uuid.lib comdlg32.lib advapi32.lib && cd ."
RC Pass 1: command "rc /fo CMakeFiles\cmTC_145f0.dir/manifest.res CMakeFiles\cmTC_145f0.dir/manifest.rc" failed (exit code 0) with the following output:
El sistema no puede encontrar el archivo especificado
ninja: build stopped: subcommand failed.



